mode: set
real-estate-manager/backend/internal/middleware/auth.go:11.72,12.30 1 0
real-estate-manager/backend/internal/middleware/auth.go:12.30,14.23 2 0
real-estate-manager/backend/internal/middleware/auth.go:14.23,18.4 3 0
real-estate-manager/backend/internal/middleware/auth.go:21.3,24.17 3 0
real-estate-manager/backend/internal/middleware/auth.go:24.17,28.4 3 0
real-estate-manager/backend/internal/middleware/auth.go:31.3,34.11 3 0
real-estate-manager/backend/internal/mocks/mock_property_repository.go:33.81,37.2 3 0
real-estate-manager/backend/internal/mocks/mock_property_repository.go:40.79,42.2 1 0
real-estate-manager/backend/internal/mocks/mock_property_repository.go:45.95,50.2 4 0
real-estate-manager/backend/internal/mocks/mock_property_repository.go:53.86,56.2 2 0
real-estate-manager/backend/internal/mocks/mock_property_repository.go:59.76,64.2 4 0
real-estate-manager/backend/internal/mocks/mock_property_repository.go:67.80,70.2 2 0
real-estate-manager/backend/internal/mocks/mock_property_repository.go:73.89,79.2 5 0
real-estate-manager/backend/internal/mocks/mock_property_repository.go:82.76,85.2 2 0
real-estate-manager/backend/internal/mocks/mock_property_repository.go:88.97,94.2 5 0
real-estate-manager/backend/internal/mocks/mock_property_repository.go:97.81,100.2 2 0
real-estate-manager/backend/internal/mocks/mock_property_repository.go:103.95,108.2 4 0
real-estate-manager/backend/internal/mocks/mock_property_repository.go:111.86,114.2 2 0
real-estate-manager/backend/internal/mocks/mock_user_repository.go:32.73,36.2 3 0
real-estate-manager/backend/internal/mocks/mock_user_repository.go:39.71,41.2 1 0
real-estate-manager/backend/internal/mocks/mock_user_repository.go:44.62,49.2 4 0
real-estate-manager/backend/internal/mocks/mock_user_repository.go:52.73,55.2 2 0
real-estate-manager/backend/internal/mocks/mock_user_repository.go:58.52,63.2 4 0
real-estate-manager/backend/internal/mocks/mock_user_repository.go:66.71,69.2 2 0
real-estate-manager/backend/internal/mocks/mock_user_repository.go:72.69,78.2 5 0
real-estate-manager/backend/internal/mocks/mock_user_repository.go:81.72,84.2 2 0
real-estate-manager/backend/internal/mocks/mock_user_repository.go:87.83,93.2 5 0
real-estate-manager/backend/internal/mocks/mock_user_repository.go:96.84,99.2 2 0
real-estate-manager/backend/internal/mocks/mock_user_repository.go:102.62,107.2 4 0
real-estate-manager/backend/internal/mocks/mock_user_repository.go:110.73,113.2 2 0
real-estate-manager/backend/internal/handlers/auth.go:16.70,20.2 1 0
real-estate-manager/backend/internal/handlers/auth.go:22.45,24.48 2 0
real-estate-manager/backend/internal/handlers/auth.go:24.48,27.3 2 0
real-estate-manager/backend/internal/handlers/auth.go:29.2,30.16 2 0
real-estate-manager/backend/internal/handlers/auth.go:30.16,33.3 2 0
real-estate-manager/backend/internal/handlers/auth.go:35.2,35.46 1 0
real-estate-manager/backend/internal/handlers/auth.go:38.48,40.48 2 0
real-estate-manager/backend/internal/handlers/auth.go:40.48,43.3 2 0
real-estate-manager/backend/internal/handlers/auth.go:45.2,45.53 1 0
real-estate-manager/backend/internal/handlers/auth.go:45.53,48.3 2 0
real-estate-manager/backend/internal/handlers/auth.go:50.2,50.78 1 0
real-estate-manager/backend/internal/handlers/auth.go:53.53,55.23 2 0
real-estate-manager/backend/internal/handlers/auth.go:55.23,58.3 2 0
real-estate-manager/backend/internal/handlers/auth.go:60.2,61.16 2 0
real-estate-manager/backend/internal/handlers/auth.go:61.16,64.3 2 0
real-estate-manager/backend/internal/handlers/auth.go:66.2,66.59 1 0
real-estate-manager/backend/internal/handlers/properties.go:17.77,21.2 1 0
real-estate-manager/backend/internal/handlers/properties.go:23.58,25.52 2 0
real-estate-manager/backend/internal/handlers/properties.go:25.52,28.3 2 0
real-estate-manager/backend/internal/handlers/properties.go:30.2,31.16 2 0
real-estate-manager/backend/internal/handlers/properties.go:31.16,34.3 2 0
real-estate-manager/backend/internal/handlers/properties.go:36.2,36.38 1 0
real-estate-manager/backend/internal/handlers/properties.go:39.57,41.16 2 0
real-estate-manager/backend/internal/handlers/properties.go:41.16,44.3 2 0
real-estate-manager/backend/internal/handlers/properties.go:46.2,46.35 1 0
real-estate-manager/backend/internal/handlers/properties.go:49.55,52.16 3 0
real-estate-manager/backend/internal/handlers/properties.go:52.16,55.3 2 0
real-estate-manager/backend/internal/handlers/properties.go:57.2,58.16 2 0
real-estate-manager/backend/internal/handlers/properties.go:58.16,61.3 2 0
real-estate-manager/backend/internal/handlers/properties.go:63.2,63.33 1 0
real-estate-manager/backend/internal/handlers/properties.go:66.58,69.16 3 0
real-estate-manager/backend/internal/handlers/properties.go:69.16,72.3 2 0
real-estate-manager/backend/internal/handlers/properties.go:74.2,75.52 2 0
real-estate-manager/backend/internal/handlers/properties.go:75.52,78.3 2 0
real-estate-manager/backend/internal/handlers/properties.go:80.2,82.16 3 0
real-estate-manager/backend/internal/handlers/properties.go:82.16,85.3 2 0
real-estate-manager/backend/internal/handlers/properties.go:87.2,87.33 1 0
real-estate-manager/backend/internal/handlers/properties.go:90.58,93.16 3 0
real-estate-manager/backend/internal/handlers/properties.go:93.16,96.3 2 0
real-estate-manager/backend/internal/handlers/properties.go:98.2,98.74 1 0
real-estate-manager/backend/internal/handlers/properties.go:98.74,101.3 2 0
real-estate-manager/backend/internal/handlers/properties.go:103.2,103.81 1 0
real-estate-manager/backend/internal/repository/property.go:22.59,24.2 1 1
real-estate-manager/backend/internal/repository/property.go:26.91,30.2 3 1
real-estate-manager/backend/internal/repository/property.go:32.93,37.100 4 1
real-estate-manager/backend/internal/repository/property.go:37.100,38.36 1 1
real-estate-manager/backend/internal/repository/property.go:38.36,40.4 1 1
real-estate-manager/backend/internal/repository/property.go:41.3,41.18 1 1
real-estate-manager/backend/internal/repository/property.go:43.2,43.23 1 1
real-estate-manager/backend/internal/repository/property.go:46.91,50.2 3 1
real-estate-manager/backend/internal/repository/property.go:52.72,56.2 3 1
real-estate-manager/backend/internal/repository/property.go:58.85,61.16 3 1
real-estate-manager/backend/internal/repository/property.go:61.16,63.3 1 1
real-estate-manager/backend/internal/repository/property.go:64.2,67.18 3 1
real-estate-manager/backend/internal/repository/property.go:67.18,69.102 2 1
real-estate-manager/backend/internal/repository/property.go:69.102,71.4 1 1
real-estate-manager/backend/internal/repository/property.go:72.3,72.44 1 1
real-estate-manager/backend/internal/repository/property.go:74.2,74.24 1 1
real-estate-manager/backend/internal/repository/user.go:21.51,25.2 1 1
real-estate-manager/backend/internal/repository/user.go:27.58,34.16 3 1
real-estate-manager/backend/internal/repository/user.go:34.16,36.3 1 1
real-estate-manager/backend/internal/repository/user.go:38.2,39.16 2 1
real-estate-manager/backend/internal/repository/user.go:39.16,41.3 1 1
real-estate-manager/backend/internal/repository/user.go:44.2,45.12 2 1
real-estate-manager/backend/internal/repository/user.go:48.65,65.16 4 1
real-estate-manager/backend/internal/repository/user.go:65.16,67.3 1 1
real-estate-manager/backend/internal/repository/user.go:69.2,69.18 1 1
real-estate-manager/backend/internal/repository/user.go:72.79,89.16 4 1
real-estate-manager/backend/internal/repository/user.go:89.16,91.3 1 1
real-estate-manager/backend/internal/repository/user.go:93.2,93.18 1 1
real-estate-manager/backend/internal/repository/user.go:96.58,105.2 3 1
real-estate-manager/backend/internal/repository/user.go:107.48,111.2 3 1
real-estate-manager/backend/internal/services/auth.go:20.70,23.21 2 1
real-estate-manager/backend/internal/services/auth.go:23.21,25.3 1 1
real-estate-manager/backend/internal/services/auth.go:27.2,30.3 1 1
real-estate-manager/backend/internal/services/auth.go:33.56,36.25 2 1
real-estate-manager/backend/internal/services/auth.go:36.25,38.3 1 1
real-estate-manager/backend/internal/services/auth.go:41.2,42.16 2 1
real-estate-manager/backend/internal/services/auth.go:42.16,44.3 1 0
real-estate-manager/backend/internal/services/auth.go:45.2,48.33 2 1
real-estate-manager/backend/internal/services/auth.go:51.72,54.16 2 1
real-estate-manager/backend/internal/services/auth.go:54.16,56.3 1 1
real-estate-manager/backend/internal/services/auth.go:59.2,59.95 1 1
real-estate-manager/backend/internal/services/auth.go:59.95,61.3 1 1
real-estate-manager/backend/internal/services/auth.go:64.2,72.16 3 1
real-estate-manager/backend/internal/services/auth.go:72.16,74.3 1 0
real-estate-manager/backend/internal/services/auth.go:76.2,76.25 1 1
real-estate-manager/backend/internal/services/auth.go:79.81,80.111 1 1
real-estate-manager/backend/internal/services/auth.go:80.111,82.58 1 1
real-estate-manager/backend/internal/services/auth.go:82.58,84.4 1 0
real-estate-manager/backend/internal/services/auth.go:85.3,85.26 1 1
real-estate-manager/backend/internal/services/auth.go:88.2,88.32 1 1
real-estate-manager/backend/internal/services/auth.go:88.32,90.3 1 1
real-estate-manager/backend/internal/services/auth.go:92.2,93.9 2 1
real-estate-manager/backend/internal/services/auth.go:93.9,95.3 1 0
real-estate-manager/backend/internal/services/auth.go:97.2,97.20 1 1
real-estate-manager/backend/internal/services/property.go:14.78,16.2 1 1
real-estate-manager/backend/internal/services/property.go:18.96,19.51 1 1
real-estate-manager/backend/internal/services/property.go:19.51,21.3 1 1
real-estate-manager/backend/internal/services/property.go:22.2,22.37 1 1
real-estate-manager/backend/internal/services/property.go:25.94,27.2 1 1
real-estate-manager/backend/internal/services/property.go:29.96,30.51 1 1
real-estate-manager/backend/internal/services/property.go:30.51,32.3 1 1
real-estate-manager/backend/internal/services/property.go:33.2,33.37 1 1
real-estate-manager/backend/internal/services/property.go:36.77,38.2 1 1
real-estate-manager/backend/internal/services/property.go:40.92,42.2 1 1
real-estate-manager/backend/internal/services/property.go:44.56,45.94 1 1
real-estate-manager/backend/internal/services/property.go:45.94,47.3 1 1
real-estate-manager/backend/internal/services/property.go:48.2,48.12 1 1
